<?xml version="1.0" encoding="UTF-8"?>
<testng-results skipped="0" failed="0" total="1" passed="1">
  <reporter-output>
  </reporter-output>
  <suite name="com.org.learningMaven.HelloWorldTest" duration-ms="44337" started-at="2018-05-07T16:55:13Z" finished-at="2018-05-07T16:55:58Z">
    <groups>
    </groups>
    <test name="Command line test" duration-ms="44337" started-at="2018-05-07T16:55:13Z" finished-at="2018-05-07T16:55:58Z">
      <class name="com.org.learningMaven.HelloWorldTest">
        <test-method status="PASS" signature="Login()[pri:0, instance:com.org.learningMaven.HelloWorldTest@2812cbfa]" name="Login" duration-ms="44320" started-at="2018-05-07T12:55:13Z" finished-at="2018-05-07T12:55:58Z">
          <reporter-output>
          </reporter-output>
        </test-method> <!-- Login -->
      </class> <!-- com.org.learningMaven.HelloWorldTest -->
    </test> <!-- Command line test -->
  </suite> <!-- com.org.learningMaven.HelloWorldTest -->
</testng-results>
