<?xml version="1.0" encoding="UTF-8"?>
<testng-results skipped="0" failed="0" ignored="0" total="1" passed="1">
  <reporter-output>
  </reporter-output>
  <suite name="Default suite" duration-ms="55" started-at="2018-05-07T15:30:42Z" finished-at="2018-05-07T15:30:42Z">
    <groups>
    </groups>
    <test name="Default test" duration-ms="55" started-at="2018-05-07T15:30:42Z" finished-at="2018-05-07T15:30:42Z">
      <class name="com.org.learningMaven.HelloWorld">
        <test-method status="PASS" signature="Login()[pri:0, instance:com.org.learningMaven.HelloWorld@cb5822]" name="Login" duration-ms="15" started-at="2018-05-07T15:30:42Z" finished-at="2018-05-07T15:30:42Z">
          <reporter-output>
          </reporter-output>
        </test-method> <!-- Login -->
      </class> <!-- com.org.learningMaven.HelloWorld -->
    </test> <!-- Default test -->
  </suite> <!-- Default suite -->
</testng-results>
